<?xml version="1.0" encoding="UTF-8"?>
<!-- Generated by org.testng.reporters.JUnitReportReporter -->
<testsuite hostname="HP" failures="0" tests="4" name="api.test.UserTest" time="9.203" errors="0" timestamp="2024-08-18T11:41:55 IST" skipped="0">
  <testcase classname="api.test.UserTest" name="testCreateUser" time="3.295"/>
  <testcase classname="api.test.UserTest" name="testGetUser" time="1.416"/>
  <testcase classname="api.test.UserTest" name="testUpdateUser" time="2.959"/>
  <testcase classname="api.test.UserTest" name="testDeleteUser" time="1.533"/>
</testsuite> <!-- api.test.UserTest -->
