<?xml version="1.0" encoding="UTF-8"?>
<!-- Generated by org.testng.reporters.JUnitReportReporter -->
<testsuite hostname="HP" failures="0" tests="10" name="api.test.DDTests" time="10.781" errors="0" timestamp="2024-08-18T10:13:04 IST" skipped="0">
  <testcase classname="api.test.DDTests" name="testPostUser" time="1.037"/>
  <testcase classname="api.test.DDTests" name="testPostUser" time="1.125"/>
  <testcase classname="api.test.DDTests" name="testPostUser" time="1.078"/>
  <testcase classname="api.test.DDTests" name="testPostUser" time="1.099"/>
  <testcase classname="api.test.DDTests" name="testPostUser" time="1.104"/>
  <testcase classname="api.test.DDTests" name="testDeleteUserByName" time="1.093"/>
  <testcase classname="api.test.DDTests" name="testDeleteUserByName" time="1.044"/>
  <testcase classname="api.test.DDTests" name="testDeleteUserByName" time="0.988"/>
  <testcase classname="api.test.DDTests" name="testDeleteUserByName" time="1.106"/>
  <testcase classname="api.test.DDTests" name="testDeleteUserByName" time="1.107"/>
</testsuite> <!-- api.test.DDTests -->
